2020-05-18 16:15:29,496[TestNG-tests-1]On Test Start testLoginOption
2020-05-18 16:15:29,524[TestNG-tests-1]On Test Start testLoginOption
2020-05-18 16:15:29,530[TestNG-tests-1]Check out file's path
2020-05-18 16:15:29,531[TestNG-tests-1]Check out file's path
2020-05-18 16:16:02,963[TestNG-tests-1]Check out file's path
2020-05-18 16:16:03,184[TestNG-tests-1]Check out file's path
2020-05-18 16:16:03,316[TestNG-tests-1]Check out file's path
2020-05-18 16:16:03,317[TestNG-tests-1]Useris successfully logged in 
2020-05-18 16:16:03,402[TestNG-tests-1]On Test Failed testLoginOption
2020-05-18 16:16:04,980[TestNG-tests-1]On Test Failed testLoginOption
2020-05-18 16:16:12,891[TestNG-tests-1]On Test Start testAdditionProductToCard
2020-05-18 16:16:12,891[TestNG-tests-1]On Test Start testAdditionProductToCard
2020-05-18 16:16:52,107[TestNG-tests-1]On Test Success testAdditionProductToCard
2020-05-18 16:16:52,108[TestNG-tests-1]On Test Success testAdditionProductToCard
2020-05-18 16:16:58,994[TestNG-tests-1]On Test Start testProductAdditionToTheList
2020-05-18 16:16:58,994[TestNG-tests-1]On Test Start testProductAdditionToTheList
2020-05-18 16:17:36,224[TestNG-tests-1]On Test Success testProductAdditionToTheList
2020-05-18 16:17:36,225[TestNG-tests-1]On Test Success testProductAdditionToTheList
2020-05-18 16:17:43,230[TestNG-tests-1]On Test Start testBasketPageIsDisplayed
2020-05-18 16:17:43,231[TestNG-tests-1]On Test Start testBasketPageIsDisplayed
2020-05-18 16:18:06,043[TestNG-tests-1]On Test Success testBasketPageIsDisplayed
2020-05-18 16:18:06,044[TestNG-tests-1]On Test Success testBasketPageIsDisplayed
2020-05-18 16:18:06,046[TestNG-tests-1]On Test Start testBookmarksPageIsDisplayed
2020-05-18 16:18:06,047[TestNG-tests-1]On Test Start testBookmarksPageIsDisplayed
2020-05-18 16:18:16,396[TestNG-tests-1]On Test Success testBookmarksPageIsDisplayed
2020-05-18 16:18:16,397[TestNG-tests-1]On Test Success testBookmarksPageIsDisplayed
2020-05-18 16:18:16,399[TestNG-tests-1]On Test Start testComparasionListPageIsDisplayed
2020-05-18 16:18:16,400[TestNG-tests-1]On Test Start testComparasionListPageIsDisplayed
2020-05-18 16:18:22,504[TestNG-tests-1]On Test Success testComparasionListPageIsDisplayed
2020-05-18 16:18:22,505[TestNG-tests-1]On Test Success testComparasionListPageIsDisplayed
2020-05-18 16:18:22,506[TestNG-tests-1]On Test Start testDeliveryPageIsDisplayed
2020-05-18 16:18:22,507[TestNG-tests-1]On Test Start testDeliveryPageIsDisplayed
2020-05-18 16:18:28,282[TestNG-tests-1]On Test Success testDeliveryPageIsDisplayed
2020-05-18 16:18:28,283[TestNG-tests-1]On Test Success testDeliveryPageIsDisplayed
2020-05-18 16:18:28,284[TestNG-tests-1]On Test Start testDiscountSystemPageIsDisplayed
2020-05-18 16:18:28,284[TestNG-tests-1]On Test Start testDiscountSystemPageIsDisplayed
2020-05-18 16:18:34,255[TestNG-tests-1]On Test Success testDiscountSystemPageIsDisplayed
2020-05-18 16:18:34,255[TestNG-tests-1]On Test Success testDiscountSystemPageIsDisplayed
2020-05-18 16:18:34,256[TestNG-tests-1]On Test Start testLoginWindowIsDisplayed
2020-05-18 16:18:34,257[TestNG-tests-1]On Test Start testLoginWindowIsDisplayed
2020-05-18 16:18:39,110[TestNG-tests-1]On Test Success testLoginWindowIsDisplayed
2020-05-18 16:18:39,111[TestNG-tests-1]On Test Success testLoginWindowIsDisplayed
2020-05-18 16:18:39,113[TestNG-tests-1]On Test Start testPaymentPageIsDisplayed
2020-05-18 16:18:39,114[TestNG-tests-1]On Test Start testPaymentPageIsDisplayed
2020-05-18 16:18:44,531[TestNG-tests-1]On Test Success testPaymentPageIsDisplayed
2020-05-18 16:18:44,531[TestNG-tests-1]On Test Success testPaymentPageIsDisplayed
2020-05-18 16:18:44,532[TestNG-tests-1]On Test Start testWarrantyPageIsDisplayed
2020-05-18 16:18:44,533[TestNG-tests-1]On Test Start testWarrantyPageIsDisplayed
2020-05-18 16:18:50,459[TestNG-tests-1]On Test Success testWarrantyPageIsDisplayed
2020-05-18 16:18:50,459[TestNG-tests-1]On Test Success testWarrantyPageIsDisplayed
2020-05-18 16:18:50,460[TestNG-tests-1]On Test Start testWishListPageIsDisplayed
2020-05-18 16:18:50,461[TestNG-tests-1]On Test Start testWishListPageIsDisplayed
2020-05-18 16:18:57,021[TestNG-tests-1]On Test Success testWishListPageIsDisplayed
2020-05-18 16:18:57,022[TestNG-tests-1]On Test Success testWishListPageIsDisplayed
2020-05-18 16:19:03,662[TestNG-tests-1]On Test Start testChooseProductFromCatalog
2020-05-18 16:19:03,663[TestNG-tests-1]On Test Start testChooseProductFromCatalog
2020-05-18 16:20:03,385[TestNG-tests-1]On Test Success testChooseProductFromCatalog
2020-05-18 16:20:03,385[TestNG-tests-1]On Test Success testChooseProductFromCatalog
